<?xml version="1.0" encoding="UTF-8"?>
<testng-results ignored="0" total="2" passed="2" failed="0" skipped="0">
  <reporter-output>
  </reporter-output>
  <suite started-at="2024-09-07T13:28:51 CDT" name="Suite" finished-at="2024-09-07T13:29:00 CDT" duration-ms="9236">
    <groups>
    </groups>
    <test started-at="2024-09-07T13:28:51 CDT" name="Testing Chrome" finished-at="2024-09-07T13:29:00 CDT" duration-ms="9236">
      <class name="testscripts.Testcase_Sign_In_Page_03">
        <test-method is-config="true" signature="launch(java.lang.String)[pri:0, instance:testscripts.Testcase_Sign_In_Page_03@ffaa6af]" started-at="2024-09-07T13:28:52 CDT" name="launch" finished-at="2024-09-07T13:28:56 CDT" duration-ms="4220" status="PASS">
          <params>
            <param index="0">
              <value>
                <![CDATA[Chrome]]>
              </value>
            </param>
          </params>
          <reporter-output>
          </reporter-output>
        </test-method> <!-- launch -->
        <test-method signature="sign_in(java.lang.String,java.lang.String,java.lang.String)[pri:0, instance:testscripts.Testcase_Sign_In_Page_03@ffaa6af]" started-at="2024-09-07T13:28:56 CDT" name="sign_in" data-provider="Login" finished-at="2024-09-07T13:28:58 CDT" duration-ms="1436" status="PASS">
          <params>
            <param index="0">
              <value>
                <![CDATA[sunriseteams]]>
              </value>
            </param>
            <param index="1">
              <value>
                <![CDATA[sunte@msa123]]>
              </value>
            </param>
            <param index="2">
              <value>
                <![CDATA[sunte@msa123]]>
              </value>
            </param>
          </params>
          <reporter-output>
          </reporter-output>
        </test-method> <!-- sign_in -->
        <test-method is-config="true" signature="quit_the_browser()[pri:0, instance:testscripts.Testcase_Sign_In_Page_03@ffaa6af]" started-at="2024-09-07T13:28:58 CDT" name="quit_the_browser" finished-at="2024-09-07T13:28:58 CDT" duration-ms="0" status="PASS">
          <reporter-output>
          </reporter-output>
        </test-method> <!-- quit_the_browser -->
      </class> <!-- testscripts.Testcase_Sign_In_Page_03 -->
      <class name="testscripts.Testcase_Index_Page_01">
        <test-method is-config="true" signature="launch(java.lang.String)[pri:0, instance:testscripts.Testcase_Index_Page_01@5e600dd5]" started-at="2024-09-07T13:28:58 CDT" name="launch" finished-at="2024-09-07T13:29:00 CDT" duration-ms="2133" status="PASS">
          <params>
            <param index="0">
              <value>
                <![CDATA[Chrome]]>
              </value>
            </param>
          </params>
          <reporter-output>
          </reporter-output>
        </test-method> <!-- launch -->
        <test-method signature="index()[pri:0, instance:testscripts.Testcase_Index_Page_01@5e600dd5]" started-at="2024-09-07T13:29:00 CDT" name="index" finished-at="2024-09-07T13:29:00 CDT" duration-ms="367" status="PASS">
          <reporter-output>
          </reporter-output>
        </test-method> <!-- index -->
        <test-method is-config="true" signature="quit_the_browser()[pri:0, instance:testscripts.Testcase_Index_Page_01@5e600dd5]" started-at="2024-09-07T13:29:00 CDT" name="quit_the_browser" finished-at="2024-09-07T13:29:00 CDT" duration-ms="0" status="PASS">
          <reporter-output>
          </reporter-output>
        </test-method> <!-- quit_the_browser -->
      </class> <!-- testscripts.Testcase_Index_Page_01 -->
    </test> <!-- Testing Chrome -->
  </suite> <!-- Suite -->
</testng-results>
